2024-06-12 18:40:11.785  INFO 11456 --- [main] c.example.demo.EmployeerestApplication   : Starting EmployeerestApplication using Java 11.0.22 on orgchats with PID 11456 (C:\Users\Pavana Tulasi\IdeaProjects\Employeerest\build\classes\java\main started by Pavana Tulasi in C:\Users\Pavana Tulasi\IdeaProjects\Employeerest)
2024-06-12 18:40:11.794  INFO 11456 --- [main] c.example.demo.EmployeerestApplication   : No active profile set, falling back to 1 default profile: "default"
2024-06-12 18:40:12.528  INFO 11456 --- [main] .s.d.r.c.RepositoryConfigurationDelegate : Bootstrapping Spring Data JPA repositories in DEFAULT mode.
2024-06-12 18:40:12.575  INFO 11456 --- [main] .s.d.r.c.RepositoryConfigurationDelegate : Finished Spring Data repository scanning in 38 ms. Found 1 JPA repository interfaces.
2024-06-12 18:40:13.385  INFO 11456 --- [main] o.s.b.w.embedded.tomcat.TomcatWebServer  : Tomcat initialized with port(s): 8080 (http)
2024-06-12 18:40:13.397  INFO 11456 --- [main] o.apache.catalina.core.StandardService   : Starting service [Tomcat]
2024-06-12 18:40:13.397  INFO 11456 --- [main] org.apache.catalina.core.StandardEngine  : Starting Servlet engine: [Apache Tomcat/9.0.58]
2024-06-12 18:40:13.495  INFO 11456 --- [main] o.a.c.c.C.[Tomcat].[localhost].[/]       : Initializing Spring embedded WebApplicationContext
2024-06-12 18:40:13.495  INFO 11456 --- [main] w.s.c.ServletWebServerApplicationContext : Root WebApplicationContext: initialization completed in 1632 ms
2024-06-12 18:40:13.682  INFO 11456 --- [main] o.hibernate.jpa.internal.util.LogHelper  : HHH000204: Processing PersistenceUnitInfo [name: default]
2024-06-12 18:40:13.730  INFO 11456 --- [main] org.hibernate.Version                    : HHH000412: Hibernate ORM core version 5.6.5.Final
2024-06-12 18:40:13.874  INFO 11456 --- [main] o.hibernate.annotations.common.Version   : HCANN000001: Hibernate Commons Annotations {5.1.2.Final}
2024-06-12 18:40:14.006  INFO 11456 --- [main] com.zaxxer.hikari.HikariDataSource       : HikariPool-1 - Starting...
2024-06-12 18:40:14.308  INFO 11456 --- [main] com.zaxxer.hikari.HikariDataSource       : HikariPool-1 - Start completed.
2024-06-12 18:40:14.340  INFO 11456 --- [main] org.hibernate.dialect.Dialect            : HHH000400: Using dialect: org.hibernate.dialect.MySQL8Dialect
2024-06-12 18:40:14.941  INFO 11456 --- [main] o.h.e.t.j.p.i.JtaPlatformInitiator       : HHH000490: Using JtaPlatform implementation: [org.hibernate.engine.transaction.jta.platform.internal.NoJtaPlatform]
2024-06-12 18:40:14.957  INFO 11456 --- [main] j.LocalContainerEntityManagerFactoryBean : Initialized JPA EntityManagerFactory for persistence unit 'default'
2024-06-12 18:40:15.449  WARN 11456 --- [main] JpaBaseConfiguration$JpaWebConfiguration : spring.jpa.open-in-view is enabled by default. Therefore, database queries may be performed during view rendering. Explicitly configure spring.jpa.open-in-view to disable this warning
2024-06-12 18:40:16.271  WARN 11456 --- [main] ConfigServletWebServerApplicationContext : Exception encountered during context initialization - cancelling refresh attempt: org.springframework.context.ApplicationContextException: Failed to start bean 'webServerStartStop'; nested exception is org.springframework.boot.web.server.PortInUseException: Port 8080 is already in use
2024-06-12 18:40:16.271  INFO 11456 --- [main] j.LocalContainerEntityManagerFactoryBean : Closing JPA EntityManagerFactory for persistence unit 'default'
2024-06-12 18:40:16.271  INFO 11456 --- [main] com.zaxxer.hikari.HikariDataSource       : HikariPool-1 - Shutdown initiated...
2024-06-12 18:40:16.297  INFO 11456 --- [main] com.zaxxer.hikari.HikariDataSource       : HikariPool-1 - Shutdown completed.
2024-06-12 18:40:16.297  INFO 11456 --- [main] o.apache.catalina.core.StandardService   : Stopping service [Tomcat]
2024-06-12 18:40:16.303  INFO 11456 --- [main] ConditionEvaluationReportLoggingListener : 

Error starting ApplicationContext. To display the conditions report re-run your application with 'debug' enabled.
2024-06-12 18:40:16.318 ERROR 11456 --- [main] o.s.b.d.LoggingFailureAnalysisReporter   : 

***************************
APPLICATION FAILED TO START
***************************

Description:

Web server failed to start. Port 8080 was already in use.

Action:

Identify and stop the process that's listening on port 8080 or configure this application to listen on another port.

2024-06-12 18:44:11.054  INFO 14512 --- [main] c.example.demo.EmployeerestApplication   : Starting EmployeerestApplication using Java 11.0.22 on orgchats with PID 14512 (C:\Users\Pavana Tulasi\IdeaProjects\Employeerest\build\classes\java\main started by Pavana Tulasi in C:\Users\Pavana Tulasi\IdeaProjects\Employeerest)
2024-06-12 18:44:11.056  INFO 14512 --- [main] c.example.demo.EmployeerestApplication   : No active profile set, falling back to 1 default profile: "default"
2024-06-12 18:44:11.791  INFO 14512 --- [main] .s.d.r.c.RepositoryConfigurationDelegate : Bootstrapping Spring Data JPA repositories in DEFAULT mode.
2024-06-12 18:44:11.846  INFO 14512 --- [main] .s.d.r.c.RepositoryConfigurationDelegate : Finished Spring Data repository scanning in 40 ms. Found 1 JPA repository interfaces.
2024-06-12 18:44:12.672  INFO 14512 --- [main] o.s.b.w.embedded.tomcat.TomcatWebServer  : Tomcat initialized with port(s): 8080 (http)
2024-06-12 18:44:12.694  INFO 14512 --- [main] o.apache.catalina.core.StandardService   : Starting service [Tomcat]
2024-06-12 18:44:12.694  INFO 14512 --- [main] org.apache.catalina.core.StandardEngine  : Starting Servlet engine: [Apache Tomcat/9.0.58]
2024-06-12 18:44:12.789  INFO 14512 --- [main] o.a.c.c.C.[Tomcat].[localhost].[/]       : Initializing Spring embedded WebApplicationContext
2024-06-12 18:44:12.790  INFO 14512 --- [main] w.s.c.ServletWebServerApplicationContext : Root WebApplicationContext: initialization completed in 1675 ms
2024-06-12 18:44:13.035  INFO 14512 --- [main] o.hibernate.jpa.internal.util.LogHelper  : HHH000204: Processing PersistenceUnitInfo [name: default]
2024-06-12 18:44:13.092  INFO 14512 --- [main] org.hibernate.Version                    : HHH000412: Hibernate ORM core version 5.6.5.Final
2024-06-12 18:44:13.245  INFO 14512 --- [main] o.hibernate.annotations.common.Version   : HCANN000001: Hibernate Commons Annotations {5.1.2.Final}
2024-06-12 18:44:13.352  INFO 14512 --- [main] com.zaxxer.hikari.HikariDataSource       : HikariPool-1 - Starting...
2024-06-12 18:44:13.651  INFO 14512 --- [main] com.zaxxer.hikari.HikariDataSource       : HikariPool-1 - Start completed.
2024-06-12 18:44:13.682  INFO 14512 --- [main] org.hibernate.dialect.Dialect            : HHH000400: Using dialect: org.hibernate.dialect.MySQL8Dialect
2024-06-12 18:44:14.255  INFO 14512 --- [main] o.h.e.t.j.p.i.JtaPlatformInitiator       : HHH000490: Using JtaPlatform implementation: [org.hibernate.engine.transaction.jta.platform.internal.NoJtaPlatform]
2024-06-12 18:44:14.267  INFO 14512 --- [main] j.LocalContainerEntityManagerFactoryBean : Initialized JPA EntityManagerFactory for persistence unit 'default'
2024-06-12 18:44:14.772  WARN 14512 --- [main] JpaBaseConfiguration$JpaWebConfiguration : spring.jpa.open-in-view is enabled by default. Therefore, database queries may be performed during view rendering. Explicitly configure spring.jpa.open-in-view to disable this warning
2024-06-12 18:44:15.616  INFO 14512 --- [main] o.s.b.w.embedded.tomcat.TomcatWebServer  : Tomcat started on port(s): 8080 (http) with context path ''
2024-06-12 18:44:15.625  INFO 14512 --- [main] c.example.demo.EmployeerestApplication   : Started EmployeerestApplication in 5.033 seconds (JVM running for 5.417)
